#! /usr/bin/vvp
:ivl_version "10.3 (stable)";
:ivl_delay_selection "TYPICAL";
:vpi_time_precision + 0;
:vpi_module "system";
:vpi_module "vhdl_sys";
:vpi_module "v2005_math";
:vpi_module "va_math";
S_0x564beefe10d0 .scope module, "setbit_tb" "setbit_tb" 2 4;
 .timescale 0 0;
L_0x7f1a9a298018 .functor BUFT 1, C4<1>, C4<0>, C4<0>, C4<0>;
v0x564bef0255a0_0 .net "A", 0 0, L_0x7f1a9a298018;  1 drivers
S_0x564beefe1250 .scope module, "SB1" "setbit" 2 9, 3 2 0, S_0x564beefe10d0;
 .timescale 0 0;
    .port_info 0 /OUTPUT 1 "salida"
v0x564beeff4540_0 .net "salida", 0 0, L_0x7f1a9a298018;  alias, 1 drivers
    .scope S_0x564beefe10d0;
T_0 ;
    %vpi_call 2 15 "$dumpfile", "setbit_tb.vcd" {0 0 0};
    %vpi_call 2 16 "$dumpvars", 32'sb00000000000000000000000000000000, S_0x564beefe10d0 {0 0 0};
    %delay 10, 0;
    %load/vec4 v0x564bef0255a0_0;
    %pad/u 32;
    %cmpi/ne 1, 0, 32;
    %jmp/0xz  T_0.0, 4;
    %vpi_call 2 22 "$display", "\302\241ERROR..! La salida no esta a 1" {0 0 0};
    %jmp T_0.1;
T_0.0 ;
    %vpi_call 2 24 "$display", "Componente OK!" {0 0 0};
T_0.1 ;
    %delay 10, 0;
    %vpi_call 2 28 "$finish" {0 0 0};
    %end;
    .thread T_0;
# The file index is used to find the file name in the following table.
:file_names 4;
    "N/A";
    "<interactive>";
    "setbit_tb.v";
    "setbit.v";
