#! /usr/bin/vvp
:ivl_version "10.3 (stable)";
:ivl_delay_selection "TYPICAL";
:vpi_time_precision + 0;
:vpi_module "system";
:vpi_module "vhdl_sys";
:vpi_module "v2005_math";
:vpi_module "va_math";
S_0x55835f5d2790 .scope module, "testD_flip_flop" "testD_flip_flop" 2 1;
 .timescale 0 0;
v0x55835f5e3b70_0 .var "CLK", 0 0;
v0x55835f5e3c30_0 .var "D", 0 0;
v0x55835f5e3d00_0 .net "Q", 0 0, L_0x55835f5e4140;  1 drivers
v0x55835f5e3e00_0 .net "Qbar", 0 0, L_0x55835f5e42d0;  1 drivers
S_0x55835f5d2910 .scope module, "dff0" "dff" 2 9, 3 5 0, S_0x55835f5d2790;
 .timescale 0 0;
    .port_info 0 /INPUT 1 "D"
    .port_info 1 /INPUT 1 "CLK"
    .port_info 2 /OUTPUT 1 "Q"
    .port_info 3 /OUTPUT 1 "Qbar"
L_0x55835f5e3ed0 .functor NOT 1, v0x55835f5e3c30_0, C4<0>, C4<0>, C4<0>;
L_0x55835f5e3fc0 .functor AND 1, L_0x55835f5e3ed0, v0x55835f5e3b70_0, C4<1>, C4<1>;
L_0x55835f5e40d0 .functor AND 1, v0x55835f5e3c30_0, v0x55835f5e3b70_0, C4<1>, C4<1>;
L_0x55835f5e4140 .functor NOR 1, L_0x55835f5e3fc0, L_0x55835f5e42d0, C4<0>, C4<0>;
L_0x55835f5e42d0 .functor NOR 1, L_0x55835f5e40d0, L_0x55835f5e4140, C4<0>, C4<0>;
v0x55835f59c030_0 .net "CLK", 0 0, v0x55835f5e3b70_0;  1 drivers
v0x55835f5e3610_0 .net "D", 0 0, v0x55835f5e3c30_0;  1 drivers
v0x55835f5e36d0_0 .net "Q", 0 0, L_0x55835f5e4140;  alias, 1 drivers
v0x55835f5e37a0_0 .net "Qbar", 0 0, L_0x55835f5e42d0;  alias, 1 drivers
v0x55835f5e3860_0 .net "_D", 0 0, L_0x55835f5e3ed0;  1 drivers
v0x55835f5e3970_0 .net "out_g2", 0 0, L_0x55835f5e3fc0;  1 drivers
v0x55835f5e3a30_0 .net "out_g3", 0 0, L_0x55835f5e40d0;  1 drivers
    .scope S_0x55835f5d2790;
T_0 ;
    %pushi/vec4 0, 0, 1;
    %store/vec4 v0x55835f5e3b70_0, 0, 1;
    %pushi/vec4 0, 0, 1;
    %store/vec4 v0x55835f5e3c30_0, 0, 1;
    %delay 3, 0;
    %pushi/vec4 1, 0, 1;
    %store/vec4 v0x55835f5e3c30_0, 0, 1;
    %delay 3, 0;
    %pushi/vec4 0, 0, 1;
    %store/vec4 v0x55835f5e3c30_0, 0, 1;
    %delay 3, 0;
    %vpi_call 2 23 "$finish" {0 0 0};
    %end;
    .thread T_0;
    .scope S_0x55835f5d2790;
T_1 ;
    %delay 2, 0;
    %load/vec4 v0x55835f5e3b70_0;
    %inv;
    %store/vec4 v0x55835f5e3b70_0, 0, 1;
    %jmp T_1;
    .thread T_1;
    .scope S_0x55835f5d2790;
T_2 ;
    %vpi_call 2 30 "$monitor", "CLK=%0d, D=%0d, Q=%0d, Qbar=%0d", v0x55835f5e3b70_0, v0x55835f5e3c30_0, v0x55835f5e3d00_0, v0x55835f5e3e00_0 {0 0 0};
    %end;
    .thread T_2;
# The file index is used to find the file name in the following table.
:file_names 4;
    "N/A";
    "<interactive>";
    "D_flip_flop_tb.v";
    "D_flip_flop.v";
