#! /usr/bin/vvp
:ivl_version "10.3 (stable)";
:ivl_delay_selection "TYPICAL";
:vpi_time_precision + 0;
:vpi_module "system";
:vpi_module "vhdl_sys";
:vpi_module "v2005_math";
:vpi_module "va_math";
S_0x56214c675080 .scope module, "TestSR_EN" "TestSR_EN" 2 1;
 .timescale 0 0;
v0x56214c6abfb0_0 .var "EN", 0 0;
v0x56214c6ac070_0 .net "Q", 0 0, L_0x56214c6ac600;  1 drivers
v0x56214c6ac140_0 .net "Qbar", 0 0, L_0x56214c6ac760;  1 drivers
v0x56214c6ac240_0 .var "R", 0 0;
v0x56214c6ac310_0 .var "S", 0 0;
S_0x56214c675200 .scope module, "sr0" "sr_latch_en" 2 11, 3 5 0, S_0x56214c675080;
 .timescale 0 0;
    .port_info 0 /INPUT 1 "R"
    .port_info 1 /INPUT 1 "S"
    .port_info 2 /INPUT 1 "EN"
    .port_info 3 /OUTPUT 1 "Q"
    .port_info 4 /OUTPUT 1 "Qbar"
L_0x56214c6ac400 .functor AND 1, v0x56214c6ac240_0, v0x56214c6abfb0_0, C4<1>, C4<1>;
L_0x56214c6ac540 .functor AND 1, v0x56214c6ac310_0, v0x56214c6abfb0_0, C4<1>, C4<1>;
L_0x56214c6ac600 .functor NOR 1, L_0x56214c6ac400, L_0x56214c6ac760, C4<0>, C4<0>;
L_0x56214c6ac760 .functor NOR 1, L_0x56214c6ac540, L_0x56214c6ac600, C4<0>, C4<0>;
v0x56214c6600b0_0 .net "EN", 0 0, v0x56214c6abfb0_0;  1 drivers
v0x56214c6aba30_0 .net "Q", 0 0, L_0x56214c6ac600;  alias, 1 drivers
v0x56214c6abaf0_0 .net "Qbar", 0 0, L_0x56214c6ac760;  alias, 1 drivers
v0x56214c6abbc0_0 .net "R", 0 0, v0x56214c6ac240_0;  1 drivers
v0x56214c6abc80_0 .net "S", 0 0, v0x56214c6ac310_0;  1 drivers
v0x56214c6abd90_0 .net "_R", 0 0, L_0x56214c6ac400;  1 drivers
v0x56214c6abe50_0 .net "_S", 0 0, L_0x56214c6ac540;  1 drivers
    .scope S_0x56214c675080;
T_0 ;
    %pushi/vec4 0, 0, 1;
    %store/vec4 v0x56214c6ac240_0, 0, 1;
    %pushi/vec4 0, 0, 1;
    %store/vec4 v0x56214c6ac310_0, 0, 1;
    %pushi/vec4 0, 0, 1;
    %store/vec4 v0x56214c6abfb0_0, 0, 1;
    %delay 2, 0;
    %pushi/vec4 0, 0, 1;
    %store/vec4 v0x56214c6ac240_0, 0, 1;
    %delay 2, 0;
    %pushi/vec4 0, 0, 1;
    %store/vec4 v0x56214c6ac310_0, 0, 1;
    %delay 2, 0;
    %pushi/vec4 1, 0, 1;
    %store/vec4 v0x56214c6abfb0_0, 0, 1;
    %delay 4, 0;
    %pushi/vec4 0, 0, 1;
    %store/vec4 v0x56214c6ac240_0, 0, 1;
    %delay 4, 0;
    %pushi/vec4 1, 0, 1;
    %store/vec4 v0x56214c6ac310_0, 0, 1;
    %delay 4, 0;
    %pushi/vec4 0, 0, 1;
    %store/vec4 v0x56214c6abfb0_0, 0, 1;
    %delay 6, 0;
    %pushi/vec4 0, 0, 1;
    %store/vec4 v0x56214c6ac240_0, 0, 1;
    %delay 6, 0;
    %pushi/vec4 1, 0, 1;
    %store/vec4 v0x56214c6ac310_0, 0, 1;
    %delay 6, 0;
    %pushi/vec4 1, 0, 1;
    %store/vec4 v0x56214c6abfb0_0, 0, 1;
    %delay 8, 0;
    %pushi/vec4 1, 0, 1;
    %store/vec4 v0x56214c6ac240_0, 0, 1;
    %delay 8, 0;
    %pushi/vec4 0, 0, 1;
    %store/vec4 v0x56214c6ac310_0, 0, 1;
    %delay 8, 0;
    %pushi/vec4 0, 0, 1;
    %store/vec4 v0x56214c6abfb0_0, 0, 1;
    %delay 10, 0;
    %pushi/vec4 1, 0, 1;
    %store/vec4 v0x56214c6ac240_0, 0, 1;
    %delay 10, 0;
    %pushi/vec4 0, 0, 1;
    %store/vec4 v0x56214c6ac310_0, 0, 1;
    %delay 10, 0;
    %pushi/vec4 1, 0, 1;
    %store/vec4 v0x56214c6abfb0_0, 0, 1;
    %delay 12, 0;
    %pushi/vec4 1, 0, 1;
    %store/vec4 v0x56214c6ac240_0, 0, 1;
    %delay 12, 0;
    %pushi/vec4 1, 0, 1;
    %store/vec4 v0x56214c6ac310_0, 0, 1;
    %delay 12, 0;
    %pushi/vec4 0, 0, 1;
    %store/vec4 v0x56214c6abfb0_0, 0, 1;
    %delay 14, 0;
    %pushi/vec4 1, 0, 1;
    %store/vec4 v0x56214c6ac240_0, 0, 1;
    %delay 14, 0;
    %pushi/vec4 1, 0, 1;
    %store/vec4 v0x56214c6ac310_0, 0, 1;
    %delay 14, 0;
    %pushi/vec4 1, 0, 1;
    %store/vec4 v0x56214c6abfb0_0, 0, 1;
    %end;
    .thread T_0;
    .scope S_0x56214c675080;
T_1 ;
    %vpi_call 2 56 "$monitor", "R=%0d, S=%0d, EN=%0d, Q=%0d, Qbar=%0d", v0x56214c6ac240_0, v0x56214c6ac310_0, v0x56214c6abfb0_0, v0x56214c6ac070_0, v0x56214c6ac140_0 {0 0 0};
    %end;
    .thread T_1;
# The file index is used to find the file name in the following table.
:file_names 4;
    "N/A";
    "<interactive>";
    "SR_latch_Enable_tb.v";
    "SR_latch_Enable.v";
