#! /usr/bin/vvp
:ivl_version "10.3 (stable)";
:ivl_delay_selection "TYPICAL";
:vpi_time_precision + 0;
:vpi_module "system";
:vpi_module "vhdl_sys";
:vpi_module "v2005_math";
:vpi_module "va_math";
S_0x55a03af04790 .scope module, "testD_latch" "testD_latch" 2 1;
 .timescale 0 0;
v0x55a03af16ab0_0 .var "D", 0 0;
v0x55a03af16b70_0 .var "EN", 0 0;
v0x55a03af16c40_0 .net "Q", 0 0, L_0x55a03af17080;  1 drivers
v0x55a03af16d40_0 .net "Qbar", 0 0, L_0x55a03af17210;  1 drivers
S_0x55a03af04910 .scope module, "d0" "d_latch" 2 9, 3 5 0, S_0x55a03af04790;
 .timescale 0 0;
    .port_info 0 /INPUT 1 "D"
    .port_info 1 /INPUT 1 "EN"
    .port_info 2 /OUTPUT 1 "Q"
    .port_info 3 /OUTPUT 1 "Qbar"
L_0x55a03af16e10 .functor NOT 1, v0x55a03af16ab0_0, C4<0>, C4<0>, C4<0>;
L_0x55a03af16f00 .functor AND 1, L_0x55a03af16e10, v0x55a03af16b70_0, C4<1>, C4<1>;
L_0x55a03af17010 .functor AND 1, v0x55a03af16ab0_0, v0x55a03af16b70_0, C4<1>, C4<1>;
L_0x55a03af17080 .functor NOR 1, L_0x55a03af16f00, L_0x55a03af17210, C4<0>, C4<0>;
L_0x55a03af17210 .functor NOR 1, L_0x55a03af17010, L_0x55a03af17080, C4<0>, C4<0>;
v0x55a03aece030_0 .net "D", 0 0, v0x55a03af16ab0_0;  1 drivers
v0x55a03af16550_0 .net "EN", 0 0, v0x55a03af16b70_0;  1 drivers
v0x55a03af16610_0 .net "Q", 0 0, L_0x55a03af17080;  alias, 1 drivers
v0x55a03af166e0_0 .net "Qbar", 0 0, L_0x55a03af17210;  alias, 1 drivers
v0x55a03af167a0_0 .net "_D", 0 0, L_0x55a03af16e10;  1 drivers
v0x55a03af168b0_0 .net "out_g2", 0 0, L_0x55a03af16f00;  1 drivers
v0x55a03af16970_0 .net "out_g3", 0 0, L_0x55a03af17010;  1 drivers
    .scope S_0x55a03af04790;
T_0 ;
    %pushi/vec4 0, 0, 1;
    %store/vec4 v0x55a03af16ab0_0, 0, 1;
    %pushi/vec4 0, 0, 1;
    %store/vec4 v0x55a03af16b70_0, 0, 1;
    %delay 2, 0;
    %pushi/vec4 0, 0, 1;
    %store/vec4 v0x55a03af16ab0_0, 0, 1;
    %delay 2, 0;
    %pushi/vec4 0, 0, 1;
    %store/vec4 v0x55a03af16b70_0, 0, 1;
    %delay 4, 0;
    %pushi/vec4 0, 0, 1;
    %store/vec4 v0x55a03af16ab0_0, 0, 1;
    %delay 4, 0;
    %pushi/vec4 1, 0, 1;
    %store/vec4 v0x55a03af16b70_0, 0, 1;
    %delay 6, 0;
    %pushi/vec4 1, 0, 1;
    %store/vec4 v0x55a03af16ab0_0, 0, 1;
    %delay 6, 0;
    %pushi/vec4 0, 0, 1;
    %store/vec4 v0x55a03af16b70_0, 0, 1;
    %delay 8, 0;
    %pushi/vec4 1, 0, 1;
    %store/vec4 v0x55a03af16ab0_0, 0, 1;
    %delay 8, 0;
    %pushi/vec4 1, 0, 1;
    %store/vec4 v0x55a03af16b70_0, 0, 1;
    %end;
    .thread T_0;
    .scope S_0x55a03af04790;
T_1 ;
    %vpi_call 2 36 "$monitor", "D=%0d, EN=%0d, Q=%0d, Qbar=%0d", v0x55a03af16ab0_0, v0x55a03af16b70_0, v0x55a03af16c40_0, v0x55a03af16d40_0 {0 0 0};
    %end;
    .thread T_1;
# The file index is used to find the file name in the following table.
:file_names 4;
    "N/A";
    "<interactive>";
    "D_latch_tb.v";
    "D_latch.v";
