#! /usr/bin/vvp
:ivl_version "10.3 (stable)";
:ivl_delay_selection "TYPICAL";
:vpi_time_precision + 0;
:vpi_module "system";
:vpi_module "vhdl_sys";
:vpi_module "v2005_math";
:vpi_module "va_math";
S_0x561bfd9e2400 .scope module, "counter_tb" "counter_tb" 2 3;
 .timescale 0 0;
v0x561bfd9f6b50_0 .var "CLK", 0 0;
v0x561bfd9f6bf0_0 .net "DATA", 7 0, v0x561bfd9f6950_0;  1 drivers
RS_0x7f9925d16078 .resolv tri, L_0x561bfd9f6e60, L_0x561bfd9f6fa0;
v0x561bfd9f6cc0_0 .net8 "OUT", 0 0, RS_0x7f9925d16078;  2 drivers
v0x561bfd9f6dc0_0 .var "counter_check", 7 0;
E_0x561bfd9e2f00 .event negedge, v0x561bfd9c12b0_0;
L_0x561bfd9f6fa0 .part v0x561bfd9f6950_0, 7, 1;
S_0x561bfd9e2580 .scope module, "C1" "counter" 2 14, 3 4 0, S_0x561bfd9e2400;
 .timescale 0 0;
    .port_info 0 /INPUT 1 "clk"
    .port_info 1 /OUTPUT 8 "data"
    .port_info 2 /OUTPUT 1 "out"
v0x561bfd9c12b0_0 .net "clk", 0 0, v0x561bfd9f6b50_0;  1 drivers
v0x561bfd9f6950_0 .var "data", 7 0;
v0x561bfd9f6a30_0 .net8 "out", 0 0, RS_0x7f9925d16078;  alias, 2 drivers
E_0x561bfd9e3280 .event posedge, v0x561bfd9c12b0_0;
L_0x561bfd9f6e60 .part v0x561bfd9f6950_0, 7, 1;
    .scope S_0x561bfd9e2580;
T_0 ;
    %pushi/vec4 0, 0, 8;
    %store/vec4 v0x561bfd9f6950_0, 0, 8;
    %end;
    .thread T_0;
    .scope S_0x561bfd9e2580;
T_1 ;
    %wait E_0x561bfd9e3280;
    %load/vec4 v0x561bfd9f6950_0;
    %addi 1, 0, 8;
    %assign/vec4 v0x561bfd9f6950_0, 0;
    %jmp T_1;
    .thread T_1;
    .scope S_0x561bfd9e2400;
T_2 ;
    %pushi/vec4 0, 0, 1;
    %store/vec4 v0x561bfd9f6b50_0, 0, 1;
    %pushi/vec4 1, 0, 8;
    %store/vec4 v0x561bfd9f6dc0_0, 0, 8;
    %end;
    .thread T_2;
    .scope S_0x561bfd9e2400;
T_3 ;
    %delay 1, 0;
    %load/vec4 v0x561bfd9f6b50_0;
    %inv;
    %store/vec4 v0x561bfd9f6b50_0, 0, 1;
    %jmp T_3;
    .thread T_3;
    .scope S_0x561bfd9e2400;
T_4 ;
    %wait E_0x561bfd9e2f00;
    %load/vec4 v0x561bfd9f6dc0_0;
    %load/vec4 v0x561bfd9f6bf0_0;
    %cmp/ne;
    %jmp/0xz  T_4.0, 4;
    %vpi_call 2 27 "$display", "ERROR! Esperando: %d. Leido: %d", v0x561bfd9f6dc0_0, v0x561bfd9f6bf0_0 {0 0 0};
T_4.0 ;
    %load/vec4 v0x561bfd9f6dc0_0;
    %addi 1, 0, 8;
    %assign/vec4 v0x561bfd9f6dc0_0, 0;
    %jmp T_4;
    .thread T_4;
    .scope S_0x561bfd9e2400;
T_5 ;
    %vpi_call 2 36 "$dumpfile", "counter_tb.vcd" {0 0 0};
    %vpi_call 2 37 "$dumpvars", 32'sb00000000000000000000000000000000, S_0x561bfd9e2400 {0 0 0};
    %delay 1, 0;
    %load/vec4 v0x561bfd9f6bf0_0;
    %pad/u 32;
    %cmpi/ne 0, 0, 32;
    %jmp/0xz  T_5.0, 4;
    %vpi_call 2 41 "$display", "ERROR! El contador no esta a 0" {0 0 0};
    %jmp T_5.1;
T_5.0 ;
    %vpi_call 2 43 "$display", "Contador inicializado. OK.." {0 0 0};
T_5.1 ;
    %delay 120, 0;
    %vpi_call 2 44 "$display", "Fin de la simulacion" {0 0 0};
    %delay 121, 0;
    %vpi_call 2 45 "$finish" {0 0 0};
    %end;
    .thread T_5;
# The file index is used to find the file name in the following table.
:file_names 4;
    "N/A";
    "<interactive>";
    "counter_tb.v";
    "counter.v";
